VM vertraut werden

Wir finden die VM über folgenden link, brauchen da aber nicht raufkucken: https://portal.azure.com/#@brightstraining.com/resource/subscriptions/afc373bb-3a48-411a-a448-2cd0314f6fc6/resourceGroups/DevOps2022_Jenkins_Machines/overviewsiehe 

vm "frosty" details:

snowman
20.218.111.156
eB1aA##nT9nsM1

1. ssh login in der command line in vs code: 
"ssh username@IP" und dann fragt er nach dem passwort

2. einloggen, file anlegen  (touch) und files von anderen team membern finden

3. mit Ansible file auf VM schreiben.

    a. Jenkinscontainer starten
    - hostfile anlegen: darin die IP Adresse der VM, die ssh Connection und den username definieren, 

```bash

[vm]
20.218.111.156

[all:vars]
ansible_connection=ssh //erlaubt einen Username/Password zu benutzen. dafault würde ein Key sein.
ansible_user=snowman

```


    - playbook.yml anlegen: Arbeitsanweisung für Ansible 
    - Jenkinsfile in github (rep: HELLO-WORLD_ULRIKE) anlegen: in der pipeline auf hostfile und playbook verweisen!
    - In Jenkins: Credentials für VM anlegen (`vm_frosty`). credentials in jenkins erstellen für die VM! wichtig keine credentials in git comitten

Dazwischen immer wieder in Jenkins Build for main und an den Fehlermeldungen entlanghangeln, und alles fixen.


Tasks: cross-funktional
z.B.: Für alle Funktionen eine ssh-Verbinung erstellen
      Für alle Funktionen das Passwort und der Username weiterreichen



